23:40:53 (lmgrd) -----------------------------------------------
23:40:53 (lmgrd)   Please Note:
23:40:53 (lmgrd) 
23:40:53 (lmgrd)   This log is intended for debug purposes only.
23:40:53 (lmgrd)   In order to capture accurate license
23:40:53 (lmgrd)   usage data into an organized repository,
23:40:53 (lmgrd)   please enable report logging. Use Flexera's
23:40:53 (lmgrd)   software license administration  solution,
23:40:53 (lmgrd)   FlexNet Manager, to  readily gain visibility
23:40:53 (lmgrd)   into license usage data and to create
23:40:53 (lmgrd)   insightful reports on critical information like
23:40:53 (lmgrd)   license availability and usage. FlexNet Manager
23:40:53 (lmgrd)   can be fully automated to run these reports on
23:40:53 (lmgrd)   schedule and can be used to track license
23:40:53 (lmgrd)   servers and usage across a heterogeneous
23:40:53 (lmgrd)   network of servers including Windows NT, Linux
23:40:53 (lmgrd)   and UNIX.
23:40:53 (lmgrd) 
23:40:53 (lmgrd) -----------------------------------------------
23:40:53 (lmgrd) 
23:40:53 (lmgrd) 
23:40:53 (lmgrd) Server's System Date and Time: Fri Nov 07 2025 23:40:53 PST
23:40:53 (lmgrd) Changing message security level from -1 to 0
23:40:53 (lmgrd) SLOG: Summary LOG statistics is enabled.
23:40:53 (lmgrd) FlexNet Licensing (v11.19.6.0 build 293152 x64_linux) started on localhost.localdomain (linux) (11/7/2025)
23:40:53 (lmgrd) Copyright (c) 1988-2024 Flexera. All Rights Reserved.
23:40:53 (lmgrd) World Wide Web:  http://www.flexerasoftware.com
23:40:53 (lmgrd) License file(s): /home/yian/Synopsys/scl/2024.06/admin/license/synopsys.lic
23:40:53 (lmgrd) lmgrd tcp-port 27000
23:40:53 (lmgrd) (@lmgrd-SLOG@) ===============================================
23:40:53 (lmgrd) (@lmgrd-SLOG@) === LMGRD ===
23:40:53 (lmgrd) (@lmgrd-SLOG@) Start-Date: Fri Nov 07 2025 23:40:53 PST
23:40:53 (lmgrd) (@lmgrd-SLOG@) PID: 4069
23:40:53 (lmgrd) (@lmgrd-SLOG@) LMGRD Version: v11.19.6.0 build 293152 x64_linux ( build 293152 (ipv6))
23:40:53 (lmgrd) (@lmgrd-SLOG@) 
23:40:53 (lmgrd) (@lmgrd-SLOG@) === Network Info ===
23:40:53 (lmgrd) (@lmgrd-SLOG@) Listening port: 27000
23:40:53 (lmgrd) (@lmgrd-SLOG@) 
23:40:53 (lmgrd) (@lmgrd-SLOG@) === Startup Info ===
23:40:53 (lmgrd) (@lmgrd-SLOG@) Server Configuration: Single Server
23:40:53 (lmgrd) (@lmgrd-SLOG@) Command-line options used at LS startup: -c /home/yian/Synopsys/scl/2024.06/admin/license/synopsys.lic -l scl.log 
23:40:53 (lmgrd) (@lmgrd-SLOG@) License file(s) used:  /home/yian/Synopsys/scl/2024.06/admin/license/synopsys.lic
23:40:53 (lmgrd) (@lmgrd-SLOG@) ===============================================
23:40:53 (lmgrd) Starting vendor daemons ... 
23:40:53 (lmgrd) Started snpslmd (internet tcp_port 43633 pid 4074)
23:40:53 (snpslmd) FlexNet Licensing version v11.19.6.0 build 293152 x64_linux
11/07/2025 23:40:53 (snpslmd) INFO: Pooling on VENDOR_STRING is Disabled (to enable, set SCL_POOL_VS=1)
11/07/2025 23:40:53 (snpslmd) Synopsys Corporate Licensing (SCL) Release: version SCL_2024.06
11/07/2025 23:40:53 (snpslmd) INFO: License sanity check enabled (360)
11/07/2025 23:40:53 (snpslmd) INFO: File descriptor limit (soft, hard) for snpslmd: 262144, 262144
11/07/2025 23:40:53 (snpslmd) INFO: TCP - tcp_keepalive_time - 7200 | tcp_keepalive_intvl - 75 | tcp_keepalive_probes - 9 | tcp_fin_timeout - 60 | net.ipv4.tcp_max_syn_backlog=1024 | net.core.somaxconn=2048

11/07/2025 23:40:53 (snpslmd) INFO: Cloud detection enabled. 1
23:40:53 (snpslmd) SLOG: Summary LOG statistics is enabled.
23:40:53 (snpslmd) SLOG: FNPLS-INTERNAL-CKPT1
23:40:53 (snpslmd) SLOG: VM Status: 4
23:40:53 (snpslmd) SLOG: FNPLS-INTERNAL-CKPT5
23:40:53 (snpslmd) SLOG: TPM Status: 0
23:40:53 (snpslmd) SLOG: FNPLS-INTERNAL-CKPT6
23:40:53 (snpslmd) Server started on localhost.localdomain for:	SSS		
23:40:53 (snpslmd) EUCLIDE-GUI	EUCLIDE-INTR-LINT DWC-ETHERNET-XPCS-V3_30 
23:40:53 (snpslmd) DWC-ETHERNET-XPCS-V3_40 DWC-ETHERNET-XPCS-V3_50 DWC-ETHERNET-XPCS-MULTIPORT 
23:40:53 (snpslmd) DWC-AC-ETHERNET-XPCS DWC-XGXS-PCS	DWC-ETHER-AP-ENTERPRISE-PCS 
23:40:53 (snpslmd) DWC-ETHER-ENTERPRISE-PCS DWC-XGMAC	DWC-AC-ETHERNET-XGMAC 
23:40:53 (snpslmd) DWC-XGMAC-SRC	DWC-XGMAC-V2_20 DWC-XGMAC-V3_20 
23:40:53 (snpslmd) DWC-ETHERNET-XGMAC-V3_00 DWC-ETHERNET-XGMAC-V3_10 DWC-ETHERNET-XGMAC-V3_20 
23:40:53 (snpslmd) DWC-Ether-XGMAC-RxParser DWC-Ether-XGMAC-TSN1 DWC-AMBA-Fabric-Source 
23:40:53 (snpslmd) DWC-DMAC-Source DWC-APB-Periph-Source DWC-APB-Advanced-Source 
23:40:53 (snpslmd) DWC-PCIE	DWC-PCIE-V5_00	DWC-PCIE-G4-STND-A-SRC 
23:40:53 (snpslmd) DWC-PCIE-G4-STND-A-V2-SRC DWC-PCIE-G4-PLUS-A-V2-SRC DWC-AC-CCIX-G25-PREM-A-SRC 
23:40:53 (snpslmd) DWC-AP-CCIX-G25-PREM-A-V2-SRC DWC-PCIE-4-EP-H DWC-PCIE-4-EP-H-SRC 
23:40:53 (snpslmd) DWC-CXL-PREM-A-SRC DWC-PCIE-4-EP-L DWC-PCIE-4-EP-L-SRC 
23:40:53 (snpslmd) DWC-PCIE-4-EP-E DWC-PCIE-4-EP-E-SRC DWC-CCIX-25-EP-H 
23:40:53 (snpslmd) DWC-CCIX-25-EP-H-SRC DWC-PCIE-G1-STND-A-SRC DWC-PCIE-G1-PLUS-A-SRC 
23:40:53 (snpslmd) DWC-PCIE-G1-STND-N-SRC DWC-PCIE-G1-PLUS-N-SRC DWC-PCIE-G2-STND-N-SRC 
23:40:53 (snpslmd) DWC-PCIE-G3-STND-A-SRC DWC-PCIE-G3-STND-N-SRC DWC-PCIE-G4-STND-N-SRC 
23:40:53 (snpslmd) DWC-PCIE-G5-STND-N-SRC DWC-AC-CCIX-G25-PREM-N-SRC DWC-PCIE-G4-PLUS-A-SRC 
23:40:53 (snpslmd) DWC-PCIE-G4-PREM-N-SRC DWC-PCIE-G4-PREM-A-SRC DWC-PCIE-G4-PREM-N-V2-SRC 
23:40:53 (snpslmd) DWC-PCIE-G4-PREM-A-V2-SRC DWC-AC-PCIE-G4-PREM-N-SRC DWC-AC-PCIE-G4-PREM-A-SRC 
23:40:53 (snpslmd) DWC-AP-PCIE-G4-PREM-N-SRC DWC-AP-PCIE-G4-PREM-A-SRC DWC-AP-PCIE-G4-PREM-N-V2-SRC 
23:40:53 (snpslmd) DWC-AP-PCIE-G4-PREM-A-V2-SRC DWC-CCIX-G25-PREM-N-SRC DWC-CCIX-G25-PREM-A-SRC 
23:40:53 (snpslmd) DWC-CCIX-G25-PREM-N-V2-SRC DWC-CCIX-G25-PREM-A-V2-SRC DWC-AP-CCIX-G25-PREM-N-SRC 
23:40:53 (snpslmd) DWC-AP-CCIX-G25-PREM-A-SRC DWC-AP-CCIX-G25-PREM-N-V2-SRC DWC-PCIE-GEN3-AFP 
23:40:53 (snpslmd) DWC-PCIE-AFP	DWC-PCIE-GEN2-AFP DWC-PCIE-G4-PLUS-N-SRC 
23:40:53 (snpslmd) DWC-PCIE-G4-STND-N-V2-SRC DWC-PCIE-G4-PLUS-N-V2-SRC DWC-CXL-PREM-N-SRC 
23:40:53 (snpslmd) DWC-CXL-20-PREM-N-SRC DWC-CXL-20-PREM-A-SRC DWC-PCIE-G4-PREM-A-HPC-SRC 
23:40:53 (snpslmd) DWC-CXL-20-PREM-A-HPC-SRC DWC-USB4-PCIE-PREM-N-SRC DWC-USB4-PCIE-PREM-A-SRC 
23:40:53 (snpslmd) DWC-PCIE-AXI	DWC-PCIE-AMBA	DWC-PCIE-AUTOMOTIVE 
23:40:53 (snpslmd) DWC-CCIX-25-EP-L DWC-CCIX-25-EP-L-SRC DWC-XBIU-SAFETY 
23:40:53 (snpslmd) DWC-PCIE-G1-PREM-A-SRC DWC-PCIE-G1-PREM-N-SRC DWC-PCIE-G2-STND-A-SRC 
23:40:53 (snpslmd) DWC-PCIE-G2-PLUS-A-SRC DWC-PCIE-G2-PREM-A-SRC DWC-PCIE-G2-PLUS-N-SRC 
23:40:53 (snpslmd) DWC-PCIE-G2-PREM-N-SRC DWC-PCIE-G3-PLUS-A-SRC DWC-PCIE-G3-PREM-A-SRC 
23:40:53 (snpslmd) DWC-PCIE-G3-PLUS-N-SRC DWC-PCIE-G3-PREM-N-SRC DWC-PCIE-G5-STND-A-SRC 
23:40:53 (snpslmd) DWC-PCIE-G5-PLUS-A-SRC DWC-PCIE-G5-PREM-A-SRC DWC-PCIE-G5-PLUS-N-SRC 
23:40:53 (snpslmd) DWC-PCIE-G5-PREM-N-SRC DWC-CCIX-G32-PREM-A-SRC DWC-CCIX-G32-PREM-N-SRC 
23:40:53 (snpslmd) DWC-AP-PCIE-G1-PREM-A-SRC DWC-AP-PCIE-G1-PREM-N-SRC DWC-AP-PCIE-G2-PREM-A-SRC 
23:40:53 (snpslmd) DWC-AP-PCIE-G2-PREM-N-SRC DWC-AP-PCIE-G3-PREM-A-SRC DWC-AP-PCIE-G3-PREM-N-SRC 
23:40:53 (snpslmd) DWC-AP-PCIE-G5-PREM-A-SRC DWC-AP-PCIE-G5-PREM-N-SRC DWC-AC-PCIE-G2-PREM-A-SRC 
23:40:53 (snpslmd) DWC-AC-PCIE-G2-PREM-N-SRC DWC-AC-PCIE-G3-PREM-A-SRC DWC-AC-PCIE-G3-PREM-N-SRC 
23:40:53 (snpslmd) DWC-AC-PCIE-G5-PREM-A-SRC DWC-AC-PCIE-G5-PREM-N-SRC DWC-AP-CCIX-G32-PREM-A-SRC 
23:40:53 (snpslmd) DWC-AP-CCIX-G32-PREM-N-SRC DWC-PCIE-G5-PREM-A-HPC-SRC ts28nph41p10asdvl01ms 
23:40:53 (snpslmd) ts28nph41p10asdvl01ms_fe ts28nph41p10asdvl01ms_be ts28nph41p11sad2l02ms 
23:40:53 (snpslmd) ts28nph41p11sad2l02ms_fe ts28nph41p11sad2l02ms_be ts28nph41p11sadgl128s 
23:40:53 (snpslmd) ts28nph41p11sadgl128s_fe ts28nph41p11sadgl128s_be ts28nph41p11sadtl128s 
23:40:53 (snpslmd) ts28nph41p11sadtl128s_fe ts28nph41p11sadtl128s_be ts28nph41p11sasrl128s 
23:40:53 (snpslmd) ts28nph41p11sasrl128s_fe ts28nph41p11sasrl128s_be ts28nph41p11sassl01ms 
23:40:53 (snpslmd) ts28nph41p11sassl01ms_fe ts28nph41p11sassl01ms_be ts28nph42p11sadgl128s 
23:40:53 (snpslmd) ts28nph42p11sadgl128s_fe ts28nph42p11sadgl128s_be ts28nph42p11sadul128s 
23:40:53 (snpslmd) ts28nph42p11sadul128s_fe ts28nph42p11sadul128s_be ts28nph42p22sadsl01ms 
23:40:53 (snpslmd) ts28nph42p22sadsl01ms_fe ts28nph42p22sadsl01ms_be VIP-AMBA3-SVT	
23:40:53 (snpslmd) VIP-AMBA-SVT	VIP-AMBA-APB-SVT VIP-AMBA-AXI-SVT 
23:40:53 (snpslmd) VIP-AMBA-AHB-SVT Synopsys	Synopsys-Release 
23:40:53 (snpslmd) Synopsys-Queue	DesignWare	DesignWare-Foundation 
23:40:53 (snpslmd) RTL-Architect	RTLA-Debug	RTL-Architect-Blk-Main 
23:40:53 (snpslmd) PrimePower	PrimePower-RTL	3DIC-Compiler	
23:40:53 (snpslmd) Lynx-TSL	Lynx-DS		Lynx-FRS	
23:40:53 (snpslmd) ICCompilerII	ICCompilerII-NX Design-Compiler 
23:40:53 (snpslmd) Design-Compiler-NXT DC64		DC-Beta		
23:40:53 (snpslmd) DC-Cadence-Interface DC-Expert	DCExpert-PrimeTime 
23:40:53 (snpslmd) DC-Extension	DC-Graphical	DC-Falcon-Interface 
23:40:53 (snpslmd) DC-FPGA-Accelerator DC-FPGA-Add-On	DC-FPGA-Add-On-to-DC 
23:40:53 (snpslmd) DC-FPGA-Features DC-Layout-Interface DCM-Delay-Calculation 
23:40:53 (snpslmd) DC-Min-Area-Retime DC-SDF-Interface DC-Debug	
23:40:53 (snpslmd) DCT-Congestion	DCT-GUI		DC-Topographical 
23:40:53 (snpslmd) DC-Ultra	DC-Ultra-Features DC-Ultra-Opt	
23:40:53 (snpslmd) DC-XG		HDL-Compiler	Power-Optimization 
23:40:53 (snpslmd) BOA-BRT		Test-Compiler	Test-Compiler-Plus 
23:40:53 (snpslmd) Test-DFTC-TMAX	Design-Vision	Design-Analyzer 
23:40:53 (snpslmd) Test-CTL-Model	Design-Compiler-NXT-FuSa Test-Platform-RTL 
23:40:53 (snpslmd) checker		oemunlock	BasePolicySO	
23:40:53 (snpslmd) gui		save_restore	constraints_SDCgen 
23:40:53 (snpslmd) constraints_SDCmerge constraints_soc_abstraction constraintsso	
23:40:53 (snpslmd) constraints_mgmt constraints_modemerge dft_dsmso	
23:40:53 (snpslmd) dft_soc_abstraction dftso		system_verilog	
23:40:53 (snpslmd) txvso		vhdl		SG-Verdi-Plugin 
23:40:53 (snpslmd) adv_checker	dashboard	datasheet	
23:40:53 (snpslmd) Auto_Verify	Formality	Formality-DPX	
23:40:53 (snpslmd) Formality-Ultra Formality-LogicECO Formality-Advanced 
23:40:53 (snpslmd) Formality-Distributed Formality-DV	Formality-E1	
23:40:53 (snpslmd) Formality-ESP	Formality-TransForm Formality-Transit 
23:40:53 (snpslmd) Formality-TX	PrimeTime	PrimeTime-C-Interface 
23:40:53 (snpslmd) PrimeTime-New-Technology PrimeTime-New-Technology8 ECO-New-Tech-Node-PC 
23:40:53 (snpslmd) synplifypremier synplifypremierdp synplifypremierurc 
23:40:53 (snpslmd) identdebugger	identinstrumentor SYNOPSYS_ANOMALY 
23:40:53 (snpslmd) coreAssembler	DWC-coreAssembler coreConsultant	
23:40:53 (snpslmd) DWC-coreConsultant coreBuilder	DWC-coreBuilder 
23:40:53 (snpslmd) coreDeveloper	DWC-coreDeveloper VERDI-ULTRA	
23:40:53 (snpslmd) Verdi		Verdi-2-Elite-Pkg VERDI-ELITE	
23:40:53 (snpslmd) VERDI-SX	VerdiCoverage	VerdiFaultAnalysis 
23:40:53 (snpslmd) VerdiPerformanceAnalyzer VERDISIGNOFF_CDC VERDISIGNOFF_LP 
23:40:53 (snpslmd) VerdiSimDB	VerdiTransactionDebugUltra Verdi_HwSwDebug 
23:40:53 (snpslmd) Verdi-1-Base-Pkg VERDISIGNOFF	SimVE		
23:40:53 (snpslmd) VERDI_ENT	Vera		Vera_debug	
23:40:53 (snpslmd) Vera_rtime	VCS-BASE-COMPILE VCS-BASE-RUNTIME 
23:40:53 (snpslmd) VCSAMSCompiler	VCSAMSCompiler_Net VCSAMSRuntime	
23:40:53 (snpslmd) VCSAMSRuntime_Net VCSCompile_Net	VCSCompile_Node 
23:40:53 (snpslmd) VCSMXCompiler_Net VCSTools	VCSTools_Net	
23:40:53 (snpslmd) VCSTools_Node	VCSCompiler	VCSCompiler_Net 
23:40:53 (snpslmd) VCSCompiler_Node VCSDebugger	VCSDebugger_Net 
23:40:53 (snpslmd) VCSDebugger_Node VCS-Express-Compile VCS-Express-Runtime 
23:40:53 (snpslmd) VCSiCompile	VCSiCompile_Net VCSiCompile_Node 
23:40:53 (snpslmd) VCSiCompiler	VCSiCompiler_Net VCSiCompiler_Node 
23:40:53 (snpslmd) VCSiDebugger	VCSiDebugger_Net VCSiDebugger_Node 
23:40:53 (snpslmd) VCSiRuntime	VCSiRuntime_Net VCSiRuntime_Node 
23:40:53 (snpslmd) VCSiRuntimeLimited VCSiRuntimeLimited_Net VCSiRuntimeLimited_Node 
23:40:53 (snpslmd) VCSlm_Hm	VCSlm_Hm_Net	VCSlm_Hm_Node	
23:40:53 (snpslmd) VCSMXiRunTime_Net VCSMXRunTime_Net VCSNativeCode	
23:40:53 (snpslmd) VCSNativeCode_Net VCSNativeCode_Node VCSOldPostProcDebugger_Net 
23:40:53 (snpslmd) VCSOldPostProcDebugger_Node VCSParallelCompiler VCSParallelCompiler_Net 
23:40:53 (snpslmd) VCSParallelCompiler_Node VCSParallelRuntime VCSParallelRuntime_Net 
23:40:53 (snpslmd) VCSParallelRuntime_Node VCSParallelThread VCSParallelThread_Net 
23:40:53 (snpslmd) VCSParallelThread_Node VCSPostProcDebugger VCSPostProcDebugger_Net 
23:40:53 (snpslmd) VCSPostProcDebugger_Node VCSRuntime	VCSRuntime_Net	
23:40:53 (snpslmd) VCSRuntime_Node VCSRuntimeLimited VCSRuntimeLimited_Net 
23:40:53 (snpslmd) VCSRuntimeLimited_Node VT_Visual	VT_VSO_GEN	
23:40:53 (snpslmd) VCS-ELITE-RUNTIME Delphi-Adyton	Delphi-Adyton-New-Tech-CRL 
23:40:53 (snpslmd) VC-FORMAL-AEP	VC-FORMAL-CC	VC-FORMAL-FCA	
23:40:53 (snpslmd) VC-FORMAL-FPV	VC-FORMAL-FRV	VC-FORMAL-FXP	
23:40:53 (snpslmd) VC-FORMAL-SEQ	VC-SMART-SEARCH VC-STATIC-VERDI-PLUGIN 
23:40:53 (snpslmd) VCFV-Verdi-Plugin Library-Compiler integrator	
23:40:53 (snpslmd) builder		virtual_compiler verifier	
23:40:53 (snpslmd) planner		si_browser	vmc		
23:40:53 (snpslmd) em_leaf		em_pg		em_star		
23:40:53 (snpslmd) em_ikos		em_vddmin	em_test_nwell	
23:40:53 (snpslmd) em_ts28hpcp_overdrive em_ts28hpcp_underdrive 
23:40:53 (snpslmd) 
23:40:53 (snpslmd) Licenses are case sensitive for TE_CATS
23:40:53 (snpslmd) 
23:40:53 (snpslmd) EXTERNAL FILTERS are OFF
23:40:53 (lmgrd) snpslmd using TCP-port 43633
23:40:53 (snpslmd) Serving features for the following vendor names:
 snpslmd  ACAD  adalmd  anagram  arcd  atrenta  avantd  CADABRA  chrysalisd  cowared  doradod  EPIC  eved  extremed  fishtail  hscd  imperasd  innologd  ISE-TCADd  knights  magma  metasoftd  mwflexd  nassd  nsysnvs  numeritchd  pdld  perflmd  piketec  riod  saber_dmn  sandwork  sclmgrd  sftlmd  sigmacd  SIINT  simple  snpsOEM1  snslmgrd  ssilmd  synforad  synopsysd  synplctyd  targetld  TAVEREN  TE_CATS  tmald  vastlmd  vcsd  wlld  
11/07/2025 23:40:53 (snpslmd) ------------------------------------------------------------------
11/07/2025 23:40:53 (snpslmd) Checking the integrity of the license file...
11/07/2025 23:40:53 (snpslmd) Valid SSS feature found.
11/07/2025 23:40:53 (snpslmd) The feature is needed to enable the other keys in your license file.
11/07/2025 23:40:53 (snpslmd) Licensed to RnD Moonl1ght Center, JSC
11/07/2025 23:40:53 (snpslmd) Siteid: 17777, Server Hostid: 000c2903ab74, Issued on: 11/30/2026
11/07/2025 23:40:53 (snpslmd) ------------------------------------------------------------------
11/07/2025 23:40:57 (snpslmd) INFO: Server WAN NC data enabled
23:40:57 (snpslmd) Changing message security level from -1 to 0
23:40:57 (snpslmd) SLOG: Statistics Log Frequency is 240 minute(s).
23:40:57 (snpslmd) SLOG: TS update poll interval is 0. TS update is detected by midnight reread only.
23:40:57 (snpslmd) SLOG: Activation borrow reclaim percentage is 0.
23:40:57 (snpslmd) (@snpslmd-SLOG@) ===============================================
23:40:57 (snpslmd) (@snpslmd-SLOG@) === Vendor Daemon ===
23:40:57 (snpslmd) (@snpslmd-SLOG@) Vendor daemon: snpslmd
23:40:57 (snpslmd) (@snpslmd-SLOG@) Start-Date: 五 11月 07 2025 23:40:57 PST
23:40:57 (snpslmd) (@snpslmd-SLOG@) PID: 4074
23:40:57 (snpslmd) (@snpslmd-SLOG@) VD Version: v11.19.6.0 build 293152 x64_linux ( build 293152 (ipv6))
23:40:57 (snpslmd) (@snpslmd-SLOG@) 
23:40:57 (snpslmd) (@snpslmd-SLOG@) === Startup/Restart Info ===
23:40:57 (snpslmd) (@snpslmd-SLOG@) Options file used: None
23:40:57 (snpslmd) (@snpslmd-SLOG@) Is vendor daemon a CVD: Yes
23:40:57 (snpslmd) (@snpslmd-SLOG@) Is FlexNet Licensing Service installed and compatible: No
23:40:57 (snpslmd) (@snpslmd-SLOG@) FlexNet Licensing Service Version: -NA-
23:40:57 (snpslmd) (@snpslmd-SLOG@) Is TS accessed: No
23:40:57 (snpslmd) (@snpslmd-SLOG@) TS access time: -NA-
23:40:57 (snpslmd) (@snpslmd-SLOG@) Number of VD restarts since LS startup: 0
23:40:57 (snpslmd) (@snpslmd-SLOG@) 
23:40:57 (snpslmd) (@snpslmd-SLOG@) === Network Info ===
23:40:57 (snpslmd) (@snpslmd-SLOG@) Listening port: 43633
23:40:57 (snpslmd) (@snpslmd-SLOG@) Daemon select timeout (in seconds): 1
23:40:57 (snpslmd) (@snpslmd-SLOG@) 
23:40:57 (snpslmd) (@snpslmd-SLOG@) === Host Info ===
23:40:57 (snpslmd) (@snpslmd-SLOG@) Host used in license file: localhost.localdomain
23:40:57 (snpslmd) (@snpslmd-SLOG@) HostID node-locked in license file: 000c2903ab74 
23:40:57 (snpslmd) (@snpslmd-SLOG@) HostID of the License Server: 000c2903ab74
23:40:57 (snpslmd) (@snpslmd-SLOG@) Running on Hypervisor: Unknown Hypervisor
23:40:57 (snpslmd) (@snpslmd-SLOG@) ===============================================
23:40:57 (snpslmd) Ecomms: Encrypted Communication disabled
23:40:57 (snpslmd) TCP_NODELAY NOT enabled
23:40:57 (snpslmd) Listener Thread: running
23:42:38 (snpslmd) OUT: "VCS-BASE-COMPILE" yian@localhost.localdomain  [snps_1762587758_hmain_p5921] 
23:42:38 (snpslmd) IN: "VCS-BASE-COMPILE" yian@localhost.localdomain  [snps_1762587758_hmain_p5921] 
23:44:15 (snpslmd) OUT: "VCS-BASE-COMPILE" yian@localhost.localdomain  [snps_1762587855_hmain_p7551] 
23:44:16 (snpslmd) IN: "VCS-BASE-COMPILE" yian@localhost.localdomain  [snps_1762587855_hmain_p7551] 
 7:06:56 (snpslmd) (@snpslmd-SLOG@) ===============================================
 7:06:56 (snpslmd) (@snpslmd-SLOG@) === Last 10 Client Requests Processing Time (in ms) ===
 7:06:56 (snpslmd) (@snpslmd-SLOG@) Time: 六 11月 08 2025 07:06:56 PST
 7:06:56 (snpslmd) (@snpslmd-SLOG@) Request processing time, when, #concurrent clients, client info (user, node, FD)
 7:06:56 (snpslmd) (@snpslmd-SLOG@) 00000000 ms at 五 11月 07 2025 23:44:16 PST,#3,(yian,localhost.localdomain,74)
 7:06:56 (snpslmd) (@snpslmd-SLOG@) 00000000 ms at 五 11月 07 2025 23:44:15 PST,#4,(yian,localhost.localdomain,87)
 7:06:56 (snpslmd) (@snpslmd-SLOG@) 00000000 ms at 五 11月 07 2025 23:44:15 PST,#4,(yian,localhost.localdomain,87)
 7:06:56 (snpslmd) (@snpslmd-SLOG@) 00000000 ms at 五 11月 07 2025 23:44:15 PST,#4,(yian,localhost.localdomain,87)
 7:06:56 (snpslmd) (@snpslmd-SLOG@) 00000000 ms at 五 11月 07 2025 23:44:15 PST,#4,(yian,localhost.localdomain,87)
 7:06:56 (snpslmd) (@snpslmd-SLOG@) 00000000 ms at 五 11月 07 2025 23:44:15 PST,#4,(yian,localhost.localdomain,87)
 7:06:56 (snpslmd) (@snpslmd-SLOG@) 00000000 ms at 五 11月 07 2025 23:44:15 PST,#4,(yian,localhost.localdomain,87)
 7:06:56 (snpslmd) (@snpslmd-SLOG@) 00000000 ms at 五 11月 07 2025 23:44:15 PST,#4,(yian,localhost.localdomain,87)
 7:06:56 (snpslmd) (@snpslmd-SLOG@) 00000000 ms at 五 11月 07 2025 23:44:15 PST,#4,(yian,localhost.localdomain,87)
 7:06:56 (snpslmd) (@snpslmd-SLOG@) 00000000 ms at 五 11月 07 2025 23:44:15 PST,#3,(yian,localhost.localdomain,74)
 7:06:56 (snpslmd) (@snpslmd-SLOG@) 
 7:06:56 (snpslmd) (@snpslmd-SLOG@) === Top 10 Peak Client Requests Processing Time (in ms) ===
 7:06:56 (snpslmd) (@snpslmd-SLOG@) Time: 六 11月 08 2025 07:06:56 PST
 7:06:56 (snpslmd) (@snpslmd-SLOG@) Request processing time, when, #concurrent clients, client info (user, node, FD)
 7:06:56 (snpslmd) (@snpslmd-SLOG@) 00000001 ms at 五 11月 07 2025 23:42:38 PST,#3,(yian,localhost.localdomain,74)
 7:06:56 (snpslmd) (@snpslmd-SLOG@) 00000001 ms at 五 11月 07 2025 23:42:38 PST,#3,(yian,localhost.localdomain,74)
 7:06:56 (snpslmd) (@snpslmd-SLOG@) 00000001 ms at 五 11月 07 2025 23:44:15 PST,#3,(yian,localhost.localdomain,74)
 7:06:56 (snpslmd) (@snpslmd-SLOG@) 
 7:06:56 (snpslmd) (@snpslmd-SLOG@) === Top 10 Peak In-house Operations time (in ms) ===
 7:06:56 (snpslmd) (@snpslmd-SLOG@) NOTE: Peak times greater than 4 seconds get recorded.
 7:06:56 (snpslmd) (@snpslmd-SLOG@) Time: 六 11月 08 2025 07:06:56 PST
 7:06:56 (snpslmd) (@snpslmd-SLOG@) In-house operation time, when, #concurrent clients
 7:06:56 (lmgrd) TIMESTAMP 11/8/2025
 7:06:56 (snpslmd) (@snpslmd-SLOG@) 
 7:06:56 (snpslmd) (@snpslmd-SLOG@) === Active Connections Info ===
 7:06:56 (snpslmd) (@snpslmd-SLOG@) Peak active connections #4 attempted at 五 11月 07 2025 23:42:38 PST
 7:06:56 (snpslmd) (@snpslmd-SLOG@) 
 7:06:56 (snpslmd) (@snpslmd-SLOG@) ===============================================
 7:06:56 (snpslmd) TIMESTAMP 11/8/2025
 7:06:56 (snpslmd) Lost connection to lmgrd, heartbeat timeout expired, exiting.
 7:06:56 (snpslmd) Heartbeat timeout is 540 seconds. Elapsed time is 26265 seconds.
 7:06:56 (snpslmd) EXITING DUE TO SIGNAL 37 Exit reason 5
 7:06:56 (lmgrd) snpslmd exited with status 37 (Communications error)
 7:06:56 (lmgrd) Since this is an unknown status, license server 
 7:06:56 (lmgrd) manager (lmgrd) will attempt to re-start the vendor daemon.
 7:06:56 (lmgrd) REStarted snpslmd (internet tcp_port 51595 pid 8227)
 7:06:56 (snpslmd) FlexNet Licensing version v11.19.6.0 build 293152 x64_linux
11/08/2025 07:06:56 (snpslmd) INFO: Pooling on VENDOR_STRING is Disabled (to enable, set SCL_POOL_VS=1)
11/08/2025 07:06:56 (snpslmd) Synopsys Corporate Licensing (SCL) Release: version SCL_2024.06
11/08/2025 07:06:56 (snpslmd) INFO: License sanity check enabled (360)
11/08/2025 07:06:56 (snpslmd) INFO: File descriptor limit (soft, hard) for snpslmd: 262144, 262144
11/08/2025 07:06:56 (snpslmd) INFO: TCP - tcp_keepalive_time - 7200 | tcp_keepalive_intvl - 75 | tcp_keepalive_probes - 9 | tcp_fin_timeout - 60 | net.ipv4.tcp_max_syn_backlog=1024 | net.core.somaxconn=2048

11/08/2025 07:06:56 (snpslmd) INFO: Cloud detection enabled. 1
 7:06:56 (snpslmd) SLOG: Summary LOG statistics is enabled.
 7:06:56 (snpslmd) SLOG: FNPLS-INTERNAL-CKPT1
 7:06:56 (snpslmd) SLOG: VM Status: 4
 7:06:56 (snpslmd) SLOG: FNPLS-INTERNAL-CKPT5
 7:06:56 (snpslmd) SLOG: TPM Status: 0
 7:06:56 (snpslmd) SLOG: FNPLS-INTERNAL-CKPT6
 7:06:56 (snpslmd) Server started on localhost.localdomain for:	SSS		
 7:06:56 (snpslmd) EUCLIDE-GUI	EUCLIDE-INTR-LINT DWC-ETHERNET-XPCS-V3_30 
 7:06:56 (snpslmd) DWC-ETHERNET-XPCS-V3_40 DWC-ETHERNET-XPCS-V3_50 DWC-ETHERNET-XPCS-MULTIPORT 
 7:06:56 (snpslmd) DWC-AC-ETHERNET-XPCS DWC-XGXS-PCS	DWC-ETHER-AP-ENTERPRISE-PCS 
 7:06:56 (snpslmd) DWC-ETHER-ENTERPRISE-PCS DWC-XGMAC	DWC-AC-ETHERNET-XGMAC 
 7:06:56 (snpslmd) DWC-XGMAC-SRC	DWC-XGMAC-V2_20 DWC-XGMAC-V3_20 
 7:06:56 (snpslmd) DWC-ETHERNET-XGMAC-V3_00 DWC-ETHERNET-XGMAC-V3_10 DWC-ETHERNET-XGMAC-V3_20 
 7:06:56 (snpslmd) DWC-Ether-XGMAC-RxParser DWC-Ether-XGMAC-TSN1 DWC-AMBA-Fabric-Source 
 7:06:56 (snpslmd) DWC-DMAC-Source DWC-APB-Periph-Source DWC-APB-Advanced-Source 
 7:06:56 (snpslmd) DWC-PCIE	DWC-PCIE-V5_00	DWC-PCIE-G4-STND-A-SRC 
 7:06:56 (snpslmd) DWC-PCIE-G4-STND-A-V2-SRC DWC-PCIE-G4-PLUS-A-V2-SRC DWC-AC-CCIX-G25-PREM-A-SRC 
 7:06:56 (snpslmd) DWC-AP-CCIX-G25-PREM-A-V2-SRC DWC-PCIE-4-EP-H DWC-PCIE-4-EP-H-SRC 
 7:06:56 (snpslmd) DWC-CXL-PREM-A-SRC DWC-PCIE-4-EP-L DWC-PCIE-4-EP-L-SRC 
 7:06:56 (snpslmd) DWC-PCIE-4-EP-E DWC-PCIE-4-EP-E-SRC DWC-CCIX-25-EP-H 
 7:06:56 (snpslmd) DWC-CCIX-25-EP-H-SRC DWC-PCIE-G1-STND-A-SRC DWC-PCIE-G1-PLUS-A-SRC 
 7:06:56 (snpslmd) DWC-PCIE-G1-STND-N-SRC DWC-PCIE-G1-PLUS-N-SRC DWC-PCIE-G2-STND-N-SRC 
 7:06:56 (snpslmd) DWC-PCIE-G3-STND-A-SRC DWC-PCIE-G3-STND-N-SRC DWC-PCIE-G4-STND-N-SRC 
 7:06:56 (snpslmd) DWC-PCIE-G5-STND-N-SRC DWC-AC-CCIX-G25-PREM-N-SRC DWC-PCIE-G4-PLUS-A-SRC 
 7:06:56 (snpslmd) DWC-PCIE-G4-PREM-N-SRC DWC-PCIE-G4-PREM-A-SRC DWC-PCIE-G4-PREM-N-V2-SRC 
 7:06:56 (snpslmd) DWC-PCIE-G4-PREM-A-V2-SRC DWC-AC-PCIE-G4-PREM-N-SRC DWC-AC-PCIE-G4-PREM-A-SRC 
 7:06:56 (snpslmd) DWC-AP-PCIE-G4-PREM-N-SRC DWC-AP-PCIE-G4-PREM-A-SRC DWC-AP-PCIE-G4-PREM-N-V2-SRC 
 7:06:56 (snpslmd) DWC-AP-PCIE-G4-PREM-A-V2-SRC DWC-CCIX-G25-PREM-N-SRC DWC-CCIX-G25-PREM-A-SRC 
 7:06:56 (snpslmd) DWC-CCIX-G25-PREM-N-V2-SRC DWC-CCIX-G25-PREM-A-V2-SRC DWC-AP-CCIX-G25-PREM-N-SRC 
 7:06:56 (snpslmd) DWC-AP-CCIX-G25-PREM-A-SRC DWC-AP-CCIX-G25-PREM-N-V2-SRC DWC-PCIE-GEN3-AFP 
 7:06:56 (snpslmd) DWC-PCIE-AFP	DWC-PCIE-GEN2-AFP DWC-PCIE-G4-PLUS-N-SRC 
 7:06:56 (snpslmd) DWC-PCIE-G4-STND-N-V2-SRC DWC-PCIE-G4-PLUS-N-V2-SRC DWC-CXL-PREM-N-SRC 
 7:06:56 (snpslmd) DWC-CXL-20-PREM-N-SRC DWC-CXL-20-PREM-A-SRC DWC-PCIE-G4-PREM-A-HPC-SRC 
 7:06:56 (snpslmd) DWC-CXL-20-PREM-A-HPC-SRC DWC-USB4-PCIE-PREM-N-SRC DWC-USB4-PCIE-PREM-A-SRC 
 7:06:56 (snpslmd) DWC-PCIE-AXI	DWC-PCIE-AMBA	DWC-PCIE-AUTOMOTIVE 
 7:06:56 (snpslmd) DWC-CCIX-25-EP-L DWC-CCIX-25-EP-L-SRC DWC-XBIU-SAFETY 
 7:06:56 (snpslmd) DWC-PCIE-G1-PREM-A-SRC DWC-PCIE-G1-PREM-N-SRC DWC-PCIE-G2-STND-A-SRC 
 7:06:56 (snpslmd) DWC-PCIE-G2-PLUS-A-SRC DWC-PCIE-G2-PREM-A-SRC DWC-PCIE-G2-PLUS-N-SRC 
 7:06:56 (snpslmd) DWC-PCIE-G2-PREM-N-SRC DWC-PCIE-G3-PLUS-A-SRC DWC-PCIE-G3-PREM-A-SRC 
 7:06:56 (snpslmd) DWC-PCIE-G3-PLUS-N-SRC DWC-PCIE-G3-PREM-N-SRC DWC-PCIE-G5-STND-A-SRC 
 7:06:56 (snpslmd) DWC-PCIE-G5-PLUS-A-SRC DWC-PCIE-G5-PREM-A-SRC DWC-PCIE-G5-PLUS-N-SRC 
 7:06:56 (snpslmd) DWC-PCIE-G5-PREM-N-SRC DWC-CCIX-G32-PREM-A-SRC DWC-CCIX-G32-PREM-N-SRC 
 7:06:56 (snpslmd) DWC-AP-PCIE-G1-PREM-A-SRC DWC-AP-PCIE-G1-PREM-N-SRC DWC-AP-PCIE-G2-PREM-A-SRC 
 7:06:56 (snpslmd) DWC-AP-PCIE-G2-PREM-N-SRC DWC-AP-PCIE-G3-PREM-A-SRC DWC-AP-PCIE-G3-PREM-N-SRC 
 7:06:56 (snpslmd) DWC-AP-PCIE-G5-PREM-A-SRC DWC-AP-PCIE-G5-PREM-N-SRC DWC-AC-PCIE-G2-PREM-A-SRC 
 7:06:56 (snpslmd) DWC-AC-PCIE-G2-PREM-N-SRC DWC-AC-PCIE-G3-PREM-A-SRC DWC-AC-PCIE-G3-PREM-N-SRC 
 7:06:56 (snpslmd) DWC-AC-PCIE-G5-PREM-A-SRC DWC-AC-PCIE-G5-PREM-N-SRC DWC-AP-CCIX-G32-PREM-A-SRC 
 7:06:56 (snpslmd) DWC-AP-CCIX-G32-PREM-N-SRC DWC-PCIE-G5-PREM-A-HPC-SRC ts28nph41p10asdvl01ms 
 7:06:56 (snpslmd) ts28nph41p10asdvl01ms_fe ts28nph41p10asdvl01ms_be ts28nph41p11sad2l02ms 
 7:06:56 (snpslmd) ts28nph41p11sad2l02ms_fe ts28nph41p11sad2l02ms_be ts28nph41p11sadgl128s 
 7:06:56 (snpslmd) ts28nph41p11sadgl128s_fe ts28nph41p11sadgl128s_be ts28nph41p11sadtl128s 
 7:06:56 (snpslmd) ts28nph41p11sadtl128s_fe ts28nph41p11sadtl128s_be ts28nph41p11sasrl128s 
 7:06:56 (snpslmd) ts28nph41p11sasrl128s_fe ts28nph41p11sasrl128s_be ts28nph41p11sassl01ms 
 7:06:56 (snpslmd) ts28nph41p11sassl01ms_fe ts28nph41p11sassl01ms_be ts28nph42p11sadgl128s 
 7:06:56 (snpslmd) ts28nph42p11sadgl128s_fe ts28nph42p11sadgl128s_be ts28nph42p11sadul128s 
 7:06:56 (snpslmd) ts28nph42p11sadul128s_fe ts28nph42p11sadul128s_be ts28nph42p22sadsl01ms 
 7:06:56 (snpslmd) ts28nph42p22sadsl01ms_fe ts28nph42p22sadsl01ms_be VIP-AMBA3-SVT	
 7:06:56 (snpslmd) VIP-AMBA-SVT	VIP-AMBA-APB-SVT VIP-AMBA-AXI-SVT 
 7:06:56 (snpslmd) VIP-AMBA-AHB-SVT Synopsys	Synopsys-Release 
 7:06:56 (snpslmd) Synopsys-Queue	DesignWare	DesignWare-Foundation 
 7:06:56 (snpslmd) RTL-Architect	RTLA-Debug	RTL-Architect-Blk-Main 
 7:06:56 (snpslmd) PrimePower	PrimePower-RTL	3DIC-Compiler	
 7:06:56 (snpslmd) Lynx-TSL	Lynx-DS		Lynx-FRS	
 7:06:56 (snpslmd) ICCompilerII	ICCompilerII-NX Design-Compiler 
 7:06:56 (snpslmd) Design-Compiler-NXT DC64		DC-Beta		
 7:06:56 (snpslmd) DC-Cadence-Interface DC-Expert	DCExpert-PrimeTime 
 7:06:56 (snpslmd) DC-Extension	DC-Graphical	DC-Falcon-Interface 
 7:06:56 (snpslmd) DC-FPGA-Accelerator DC-FPGA-Add-On	DC-FPGA-Add-On-to-DC 
 7:06:56 (snpslmd) DC-FPGA-Features DC-Layout-Interface DCM-Delay-Calculation 
 7:06:56 (snpslmd) DC-Min-Area-Retime DC-SDF-Interface DC-Debug	
 7:06:56 (snpslmd) DCT-Congestion	DCT-GUI		DC-Topographical 
 7:06:56 (snpslmd) DC-Ultra	DC-Ultra-Features DC-Ultra-Opt	
 7:06:56 (snpslmd) DC-XG		HDL-Compiler	Power-Optimization 
 7:06:56 (snpslmd) BOA-BRT		Test-Compiler	Test-Compiler-Plus 
 7:06:56 (snpslmd) Test-DFTC-TMAX	Design-Vision	Design-Analyzer 
 7:06:56 (snpslmd) Test-CTL-Model	Design-Compiler-NXT-FuSa Test-Platform-RTL 
 7:06:56 (snpslmd) checker		oemunlock	BasePolicySO	
 7:06:56 (snpslmd) gui		save_restore	constraints_SDCgen 
 7:06:56 (snpslmd) constraints_SDCmerge constraints_soc_abstraction constraintsso	
 7:06:56 (snpslmd) constraints_mgmt constraints_modemerge dft_dsmso	
 7:06:56 (snpslmd) dft_soc_abstraction dftso		system_verilog	
 7:06:56 (snpslmd) txvso		vhdl		SG-Verdi-Plugin 
 7:06:56 (snpslmd) adv_checker	dashboard	datasheet	
 7:06:56 (snpslmd) Auto_Verify	Formality	Formality-DPX	
 7:06:56 (snpslmd) Formality-Ultra Formality-LogicECO Formality-Advanced 
 7:06:56 (snpslmd) Formality-Distributed Formality-DV	Formality-E1	
 7:06:56 (snpslmd) Formality-ESP	Formality-TransForm Formality-Transit 
 7:06:56 (snpslmd) Formality-TX	PrimeTime	PrimeTime-C-Interface 
 7:06:56 (snpslmd) PrimeTime-New-Technology PrimeTime-New-Technology8 ECO-New-Tech-Node-PC 
 7:06:56 (snpslmd) synplifypremier synplifypremierdp synplifypremierurc 
 7:06:56 (snpslmd) identdebugger	identinstrumentor SYNOPSYS_ANOMALY 
 7:06:56 (snpslmd) coreAssembler	DWC-coreAssembler coreConsultant	
 7:06:56 (snpslmd) DWC-coreConsultant coreBuilder	DWC-coreBuilder 
 7:06:56 (snpslmd) coreDeveloper	DWC-coreDeveloper VERDI-ULTRA	
 7:06:56 (snpslmd) Verdi		Verdi-2-Elite-Pkg VERDI-ELITE	
 7:06:56 (snpslmd) VERDI-SX	VerdiCoverage	VerdiFaultAnalysis 
 7:06:56 (snpslmd) VerdiPerformanceAnalyzer VERDISIGNOFF_CDC VERDISIGNOFF_LP 
 7:06:56 (snpslmd) VerdiSimDB	VerdiTransactionDebugUltra Verdi_HwSwDebug 
 7:06:56 (snpslmd) Verdi-1-Base-Pkg VERDISIGNOFF	SimVE		
 7:06:56 (snpslmd) VERDI_ENT	Vera		Vera_debug	
 7:06:56 (snpslmd) Vera_rtime	VCS-BASE-COMPILE VCS-BASE-RUNTIME 
 7:06:56 (snpslmd) VCSAMSCompiler	VCSAMSCompiler_Net VCSAMSRuntime	
 7:06:56 (snpslmd) VCSAMSRuntime_Net VCSCompile_Net	VCSCompile_Node 
 7:06:56 (snpslmd) VCSMXCompiler_Net VCSTools	VCSTools_Net	
 7:06:56 (snpslmd) VCSTools_Node	VCSCompiler	VCSCompiler_Net 
 7:06:56 (snpslmd) VCSCompiler_Node VCSDebugger	VCSDebugger_Net 
 7:06:56 (snpslmd) VCSDebugger_Node VCS-Express-Compile VCS-Express-Runtime 
 7:06:56 (snpslmd) VCSiCompile	VCSiCompile_Net VCSiCompile_Node 
 7:06:56 (snpslmd) VCSiCompiler	VCSiCompiler_Net VCSiCompiler_Node 
 7:06:56 (snpslmd) VCSiDebugger	VCSiDebugger_Net VCSiDebugger_Node 
 7:06:56 (snpslmd) VCSiRuntime	VCSiRuntime_Net VCSiRuntime_Node 
 7:06:56 (snpslmd) VCSiRuntimeLimited VCSiRuntimeLimited_Net VCSiRuntimeLimited_Node 
 7:06:56 (snpslmd) VCSlm_Hm	VCSlm_Hm_Net	VCSlm_Hm_Node	
 7:06:56 (snpslmd) VCSMXiRunTime_Net VCSMXRunTime_Net VCSNativeCode	
 7:06:56 (snpslmd) VCSNativeCode_Net VCSNativeCode_Node VCSOldPostProcDebugger_Net 
 7:06:56 (snpslmd) VCSOldPostProcDebugger_Node VCSParallelCompiler VCSParallelCompiler_Net 
 7:06:56 (snpslmd) VCSParallelCompiler_Node VCSParallelRuntime VCSParallelRuntime_Net 
 7:06:56 (snpslmd) VCSParallelRuntime_Node VCSParallelThread VCSParallelThread_Net 
 7:06:56 (snpslmd) VCSParallelThread_Node VCSPostProcDebugger VCSPostProcDebugger_Net 
 7:06:56 (snpslmd) VCSPostProcDebugger_Node VCSRuntime	VCSRuntime_Net	
 7:06:56 (snpslmd) VCSRuntime_Node VCSRuntimeLimited VCSRuntimeLimited_Net 
 7:06:56 (snpslmd) VCSRuntimeLimited_Node VT_Visual	VT_VSO_GEN	
 7:06:56 (snpslmd) VCS-ELITE-RUNTIME Delphi-Adyton	Delphi-Adyton-New-Tech-CRL 
 7:06:56 (snpslmd) VC-FORMAL-AEP	VC-FORMAL-CC	VC-FORMAL-FCA	
 7:06:56 (snpslmd) VC-FORMAL-FPV	VC-FORMAL-FRV	VC-FORMAL-FXP	
 7:06:56 (snpslmd) VC-FORMAL-SEQ	VC-SMART-SEARCH VC-STATIC-VERDI-PLUGIN 
 7:06:56 (snpslmd) VCFV-Verdi-Plugin Library-Compiler integrator	
 7:06:56 (snpslmd) builder		virtual_compiler verifier	
 7:06:56 (snpslmd) planner		si_browser	vmc		
 7:06:56 (snpslmd) em_leaf		em_pg		em_star		
 7:06:56 (snpslmd) em_ikos		em_vddmin	em_test_nwell	
 7:06:56 (snpslmd) em_ts28hpcp_overdrive em_ts28hpcp_underdrive 
 7:06:56 (snpslmd) 
 7:06:56 (snpslmd) Licenses are case sensitive for TE_CATS
 7:06:56 (snpslmd) 
 7:06:56 (snpslmd) EXTERNAL FILTERS are OFF
 7:06:56 (lmgrd) snpslmd using TCP-port 51595
 7:06:56 (snpslmd) Serving features for the following vendor names:
 snpslmd  ACAD  adalmd  anagram  arcd  atrenta  avantd  CADABRA  chrysalisd  cowared  doradod  EPIC  eved  extremed  fishtail  hscd  imperasd  innologd  ISE-TCADd  knights  magma  metasoftd  mwflexd  nassd  nsysnvs  numeritchd  pdld  perflmd  piketec  riod  saber_dmn  sandwork  sclmgrd  sftlmd  sigmacd  SIINT  simple  snpsOEM1  snslmgrd  ssilmd  synforad  synopsysd  synplctyd  targetld  TAVEREN  TE_CATS  tmald  vastlmd  vcsd  wlld  
11/08/2025 07:06:56 (snpslmd) ------------------------------------------------------------------
11/08/2025 07:06:56 (snpslmd) Checking the integrity of the license file...
11/08/2025 07:06:56 (snpslmd) Valid SSS feature found.
11/08/2025 07:06:56 (snpslmd) The feature is needed to enable the other keys in your license file.
11/08/2025 07:06:56 (snpslmd) Licensed to RnD Moonl1ght Center, JSC
11/08/2025 07:06:56 (snpslmd) Siteid: 17777, Server Hostid: 000c2903ab74, Issued on: 11/30/2026
11/08/2025 07:06:56 (snpslmd) ------------------------------------------------------------------
11/08/2025 07:06:59 (snpslmd) INFO: Server WAN NC data enabled
 7:06:59 (snpslmd) Changing message security level from -1 to 0
 7:06:59 (snpslmd) SLOG: Statistics Log Frequency is 240 minute(s).
 7:06:59 (snpslmd) SLOG: TS update poll interval is 0. TS update is detected by midnight reread only.
 7:06:59 (snpslmd) SLOG: Activation borrow reclaim percentage is 0.
 7:06:59 (snpslmd) (@snpslmd-SLOG@) ===============================================
 7:06:59 (snpslmd) (@snpslmd-SLOG@) === Vendor Daemon ===
 7:06:59 (snpslmd) (@snpslmd-SLOG@) Vendor daemon: snpslmd
 7:06:59 (snpslmd) (@snpslmd-SLOG@) Start-Date: 六 11月 08 2025 07:06:59 PST
 7:06:59 (snpslmd) (@snpslmd-SLOG@) PID: 8227
 7:06:59 (snpslmd) (@snpslmd-SLOG@) VD Version: v11.19.6.0 build 293152 x64_linux ( build 293152 (ipv6))
 7:06:59 (snpslmd) (@snpslmd-SLOG@) 
 7:06:59 (snpslmd) (@snpslmd-SLOG@) === Startup/Restart Info ===
 7:06:59 (snpslmd) (@snpslmd-SLOG@) Options file used: None
 7:06:59 (snpslmd) (@snpslmd-SLOG@) Is vendor daemon a CVD: Yes
 7:06:59 (snpslmd) (@snpslmd-SLOG@) Is FlexNet Licensing Service installed and compatible: No
 7:06:59 (snpslmd) (@snpslmd-SLOG@) FlexNet Licensing Service Version: -NA-
 7:06:59 (snpslmd) (@snpslmd-SLOG@) Is TS accessed: No
 7:06:59 (snpslmd) (@snpslmd-SLOG@) TS access time: -NA-
 7:06:59 (snpslmd) (@snpslmd-SLOG@) Number of VD restarts since LS startup: 1
 7:06:59 (snpslmd) (@snpslmd-SLOG@) 
 7:06:59 (snpslmd) (@snpslmd-SLOG@) === Network Info ===
 7:06:59 (snpslmd) (@snpslmd-SLOG@) Listening port: 51595
 7:06:59 (snpslmd) (@snpslmd-SLOG@) Daemon select timeout (in seconds): 1
 7:06:59 (snpslmd) (@snpslmd-SLOG@) 
 7:06:59 (snpslmd) (@snpslmd-SLOG@) === Host Info ===
 7:06:59 (snpslmd) (@snpslmd-SLOG@) Host used in license file: localhost.localdomain
 7:06:59 (snpslmd) (@snpslmd-SLOG@) HostID node-locked in license file: 000c2903ab74 
 7:06:59 (snpslmd) (@snpslmd-SLOG@) HostID of the License Server: 000c2903ab74
 7:06:59 (snpslmd) (@snpslmd-SLOG@) Running on Hypervisor: Unknown Hypervisor
 7:06:59 (snpslmd) (@snpslmd-SLOG@) ===============================================
 7:06:59 (snpslmd) Ecomms: Encrypted Communication disabled
 7:07:00 (snpslmd) TCP_NODELAY NOT enabled
 7:07:00 (snpslmd) Listener Thread: running
